C:\Users\usuario\Desktop\personal\CE\Bomberman\Bomberman\Debug\Bomberman.MyForm.resources
C:\USERS\USUARIO\DESKTOP\PERSONAL\CE\BOMBERMAN\BOMBERMAN\DEBUG\PODERVIDA.OBJ
C:\USERS\USUARIO\DESKTOP\PERSONAL\CE\BOMBERMAN\BOMBERMAN\DEBUG\PODERPATEAR.OBJ
C:\USERS\USUARIO\DESKTOP\PERSONAL\CE\BOMBERMAN\BOMBERMAN\DEBUG\PODERFLAMA.OBJ
C:\USERS\USUARIO\DESKTOP\PERSONAL\CE\BOMBERMAN\BOMBERMAN\DEBUG\PODERBOMBA.OBJ
C:\USERS\USUARIO\DESKTOP\PERSONAL\CE\BOMBERMAN\BOMBERMAN\DEBUG\PODER.OBJ
C:\USERS\USUARIO\DESKTOP\PERSONAL\CE\BOMBERMAN\BOMBERMAN\DEBUG\PIEDRAII.OBJ
C:\USERS\USUARIO\DESKTOP\PERSONAL\CE\BOMBERMAN\BOMBERMAN\DEBUG\PIEDRAI.OBJ
C:\USERS\USUARIO\DESKTOP\PERSONAL\CE\BOMBERMAN\BOMBERMAN\DEBUG\PIEDRA.OBJ
C:\USERS\USUARIO\DESKTOP\PERSONAL\CE\BOMBERMAN\BOMBERMAN\DEBUG\MYFORM.OBJ
C:\USERS\USUARIO\DESKTOP\PERSONAL\CE\BOMBERMAN\BOMBERMAN\DEBUG\JUGADOR.OBJ
C:\USERS\USUARIO\DESKTOP\PERSONAL\CE\BOMBERMAN\BOMBERMAN\DEBUG\JUEGO.OBJ
C:\USERS\USUARIO\DESKTOP\PERSONAL\CE\BOMBERMAN\BOMBERMAN\DEBUG\ENEMIGO3.OBJ
C:\USERS\USUARIO\DESKTOP\PERSONAL\CE\BOMBERMAN\BOMBERMAN\DEBUG\ENEMIGO2.OBJ
C:\USERS\USUARIO\DESKTOP\PERSONAL\CE\BOMBERMAN\BOMBERMAN\DEBUG\ENEMIGO1.OBJ
C:\USERS\USUARIO\DESKTOP\PERSONAL\CE\BOMBERMAN\BOMBERMAN\DEBUG\ENEMIGO.OBJ
C:\USERS\USUARIO\DESKTOP\PERSONAL\CE\BOMBERMAN\BOMBERMAN\DEBUG\BOMBA.OBJ
C:\USERS\USUARIO\DESKTOP\PERSONAL\CE\BOMBERMAN\BOMBERMAN\DEBUG\ARTIFICIO.OBJ
C:\USERS\USUARIO\DESKTOP\PERSONAL\CE\BOMBERMAN\BOMBERMAN\DEBUG\VC110.PDB
C:\USERS\USUARIO\DESKTOP\PERSONAL\CE\BOMBERMAN\BOMBERMAN\DEBUG\.NETFRAMEWORK,VERSION=V4.5.ASSEMBLYATTRIBUTES.OBJ
C:\Users\usuario\Desktop\personal\CE\Bomberman\Bomberman\Debug\Bomberman.vcxproj.GenerateResource.Cache
C:\Users\usuario\Desktop\personal\CE\Bomberman\Bomberman\Debug\Bomberman.vcxprojResolveAssemblyReference.cache
C:\Users\usuario\Desktop\personal\CE\Bomberman\Bomberman\Debug\.NETFramework,Version=v4.5.AssemblyAttributes.obj
C:\Users\usuario\Desktop\personal\CE\Bomberman\Bomberman\Debug\Artificio.obj
C:\Users\usuario\Desktop\personal\CE\Bomberman\Bomberman\Debug\Bomba.obj
C:\Users\usuario\Desktop\personal\CE\Bomberman\Bomberman\Debug\Enemigo.obj
C:\Users\usuario\Desktop\personal\CE\Bomberman\Bomberman\Debug\Enemigo1.obj
C:\Users\usuario\Desktop\personal\CE\Bomberman\Bomberman\Debug\Enemigo2.obj
C:\Users\usuario\Desktop\personal\CE\Bomberman\Bomberman\Debug\Enemigo3.obj
C:\Users\usuario\Desktop\personal\CE\Bomberman\Bomberman\Debug\Juego.obj
C:\Users\usuario\Desktop\personal\CE\Bomberman\Bomberman\Debug\Jugador.obj
C:\Users\usuario\Desktop\personal\CE\Bomberman\Bomberman\Debug\MyForm.obj
C:\Users\usuario\Desktop\personal\CE\Bomberman\Bomberman\Debug\Piedra.obj
C:\Users\usuario\Desktop\personal\CE\Bomberman\Bomberman\Debug\PiedraI.obj
C:\Users\usuario\Desktop\personal\CE\Bomberman\Bomberman\Debug\PiedraII.obj
C:\Users\usuario\Desktop\personal\CE\Bomberman\Bomberman\Debug\Poder.obj
C:\Users\usuario\Desktop\personal\CE\Bomberman\Bomberman\Debug\PoderBomba.obj
C:\Users\usuario\Desktop\personal\CE\Bomberman\Bomberman\Debug\PoderFlama.obj
C:\Users\usuario\Desktop\personal\CE\Bomberman\Bomberman\Debug\PoderPatear.obj
C:\Users\usuario\Desktop\personal\CE\Bomberman\Bomberman\Debug\PoderVida.obj
C:\Users\usuario\Desktop\personal\CE\Bomberman\Bomberman\Debug\Bomberman.write.1.tlog
C:\Users\usuario\Desktop\personal\CE\Bomberman\Bomberman\Debug\cl.command.1.tlog
C:\Users\usuario\Desktop\personal\CE\Bomberman\Bomberman\Debug\CL.read.1.tlog
C:\Users\usuario\Desktop\personal\CE\Bomberman\Bomberman\Debug\CL.write.1.tlog
C:\Users\usuario\Desktop\personal\CE\Bomberman\Bomberman\Debug\link.6128-cvtres.read.1.tlog
C:\Users\usuario\Desktop\personal\CE\Bomberman\Bomberman\Debug\link.6128-cvtres.write.1.tlog
C:\Users\usuario\Desktop\personal\CE\Bomberman\Bomberman\Debug\link.6128-rc.read.1.tlog
C:\Users\usuario\Desktop\personal\CE\Bomberman\Bomberman\Debug\link.6128-rc.write.1.tlog
C:\Users\usuario\Desktop\personal\CE\Bomberman\Bomberman\Debug\link.6128.read.1.tlog
C:\Users\usuario\Desktop\personal\CE\Bomberman\Bomberman\Debug\link.6128.write.1.tlog
C:\Users\usuario\Desktop\personal\CE\Bomberman\Bomberman\Debug\link.command.1.tlog
C:\Users\usuario\Desktop\personal\CE\Bomberman\Bomberman\Debug\link.read.1.tlog
C:\Users\usuario\Desktop\personal\CE\Bomberman\Bomberman\Debug\link.write.1.tlog
C:\Users\usuario\Desktop\personal\CE\Bomberman\Bomberman\Debug\metagen.read.1.tlog
C:\Users\usuario\Desktop\personal\CE\Bomberman\Bomberman\Debug\metagen.write.1.tlog
C:\Users\usuario\Desktop\personal\CE\Bomberman\Bomberman\Debug\vc110.pdb
C:\Users\usuario\Desktop\personal\CE\Bomberman\Bomberman\Debug\TZRES.DLL.bi
C:\Users\usuario\Desktop\personal\CE\Bomberman\Debug\Bomberman.pdb
C:\Users\usuario\Desktop\personal\CE\Bomberman\Debug\Bomberman.ilk
